Using pre-set license
Built from '2020.3/release' branch; Version is '2020.3.2f1 (8fd9074bf66c) revision 9427207'; Using compiler version '192528614'; Build Type 'Release'
OS: 'Windows 10 Home; OS build 19042.928; Version 2009; 64bit' Language: 'en' Physical Memory: 16243 MB
BatchMode: 1, IsHumanControllingUs: 0, StartBugReporterOnCrash: 0, Is64bit: 1, IsPro: 0

 COMMAND LINE ARGUMENTS:
C:\Program Files\Unity\Hub\Editor\2020.3.2f1\Editor\Unity.exe
-adb2
-batchMode
-noUpm
-name
AssetImportWorker0
-projectPath
C:/Users/Tanta/Desktop/QUT/IFB398 Capstone/_Repo/Mars-Rover-Game/MarsRoverCapstone_Prototype
-logFile
Logs/AssetImportWorker0.log
-srvPort
56063
Successfully changed project path to: C:/Users/Tanta/Desktop/QUT/IFB398 Capstone/_Repo/Mars-Rover-Game/MarsRoverCapstone_Prototype
C:/Users/Tanta/Desktop/QUT/IFB398 Capstone/_Repo/Mars-Rover-Game/MarsRoverCapstone_Prototype
Using Asset Import Pipeline V2.
Refreshing native plugins compatible for Editor in 22.79 ms, found 0 plugins.
Preloading 0 native plugins for Editor in 0.00 ms.
Initialize engine version: 2020.3.2f1 (8fd9074bf66c)
[Subsystems] Discovering subsystems at path C:/Program Files/Unity/Hub/Editor/2020.3.2f1/Editor/Data/Resources/UnitySubsystems
[Subsystems] Discovering subsystems at path C:/Users/Tanta/Desktop/QUT/IFB398 Capstone/_Repo/Mars-Rover-Game/MarsRoverCapstone_Prototype/Assets
GfxDevice: creating device client; threaded=0
Direct3D:
    Version:  Direct3D 11.0 [level 11.1]
    Renderer: NVIDIA GeForce GTX 1050 Ti (ID=0x1c8c)
    Vendor:   
    VRAM:     4018 MB
    Driver:   27.21.14.6589
Initialize mono
Mono path[0] = 'C:/Program Files/Unity/Hub/Editor/2020.3.2f1/Editor/Data/Managed'
Mono path[1] = 'C:/Program Files/Unity/Hub/Editor/2020.3.2f1/Editor/Data/MonoBleedingEdge/lib/mono/unityjit'
Mono config path = 'C:/Program Files/Unity/Hub/Editor/2020.3.2f1/Editor/Data/MonoBleedingEdge/etc'
Using monoOptions --debugger-agent=transport=dt_socket,embedding=1,server=y,suspend=n,address=127.0.0.1:56348
Begin MonoManager ReloadAssembly
Registering precompiled unity dll's ...
Register platform support module: C:/Program Files/Unity/Hub/Editor/2020.3.2f1/Editor/Data/PlaybackEngines/MacStandaloneSupport/UnityEditor.OSXStandalone.Extensions.dll
Register platform support module: C:/Program Files/Unity/Hub/Editor/2020.3.2f1/Editor/Data/PlaybackEngines/WindowsStandaloneSupport/UnityEditor.WindowsStandalone.Extensions.dll
Registered in 0.004496 seconds.
Native extension for WindowsStandalone target not found
Native extension for OSXStandalone target not found
Refreshing native plugins compatible for Editor in 25.37 ms, found 0 plugins.
Preloading 0 native plugins for Editor in 0.00 ms.
Invoked RoslynAnalysisRunner static constructor.
RoslynAnalysisRunner will not be running.
RoslynAnalysisRunner has terminated.
Mono: successfully reloaded assembly
- Completed reload, in  1.157 seconds
Platform modules already initialized, skipping
Registering precompiled user dll's ...
Registered in 0.000834 seconds.
Begin MonoManager ReloadAssembly
Native extension for WindowsStandalone target not found
Native extension for OSXStandalone target not found
Refreshing native plugins compatible for Editor in 0.19 ms, found 0 plugins.
Preloading 0 native plugins for Editor in 0.00 ms.
Invoked RoslynAnalysisRunner static constructor.
RoslynAnalysisRunner will not be running.
RoslynAnalysisRunner has terminated.
Mono: successfully reloaded assembly
- Completed reload, in  0.828 seconds
Platform modules already initialized, skipping
========================================================================
Worker process is ready to serve import requests
Launched and connected shader compiler UnityShaderCompiler.exe after 0.05 seconds
Refreshing native plugins compatible for Editor in 0.20 ms, found 0 plugins.
Preloading 0 native plugins for Editor in 0.00 ms.
Unloading 1117 Unused Serialized files (Serialized files now loaded: 0)
System memory in use before: 69.3 MB.
System memory in use after: 69.4 MB.

Unloading 9 unused Assets to reduce memory usage. Loaded Objects now: 1574.
Total: 2.212200 ms (FindLiveObjects: 0.428200 ms CreateObjectMapping: 0.263700 ms MarkObjects: 1.436400 ms  DeleteObjects: 0.080000 ms)

========================================================================
Received Import Request.
  path: Assets/Scenes
  artifactKey: Guid(de48e50b15a432e4fa641aadb943af10) Importer(815301076,1909f56bfc062723c751e8b465ee728b)
Start importing Assets/Scenes using Guid(de48e50b15a432e4fa641aadb943af10) Importer(815301076,1909f56bfc062723c751e8b465ee728b)  -> (artifact id: '0282da6b85a6893ba337e5a55def79b7') in 0.008666 seconds
  Import took 0.011043 seconds .

========================================================================
Received Import Request.
  Time since last request: 3.658658 seconds.
  path: Assets/Scenes/MainGame
  artifactKey: Guid(3ed1b309785613d47a9c25d2bbf6b110) Importer(815301076,1909f56bfc062723c751e8b465ee728b)
Start importing Assets/Scenes/MainGame using Guid(3ed1b309785613d47a9c25d2bbf6b110) Importer(815301076,1909f56bfc062723c751e8b465ee728b)  -> (artifact id: 'ab6c86ff016921d93dfd01f47e475e34') in 0.008404 seconds
  Import took 0.012929 seconds .

========================================================================
Received Import Request.
  Time since last request: 0.509999 seconds.
  path: Assets/Scenes/TestScenes
  artifactKey: Guid(24011a59d31dc7544ae9005e9b21d585) Importer(815301076,1909f56bfc062723c751e8b465ee728b)
Start importing Assets/Scenes/TestScenes using Guid(24011a59d31dc7544ae9005e9b21d585) Importer(815301076,1909f56bfc062723c751e8b465ee728b)  -> (artifact id: 'b4382327e8ffd529ff421179265329b4') in 0.010626 seconds
  Import took 0.012909 seconds .

========================================================================
Received Import Request.
  Time since last request: 0.086112 seconds.
  path: Assets/Scenes/TestScenes/NewBrush.brush
  artifactKey: Guid(7cced2e2f6e13fc43b3e675d0a7a60f3) Importer(815301076,1909f56bfc062723c751e8b465ee728b)
Start importing Assets/Scenes/TestScenes/NewBrush.brush using Guid(7cced2e2f6e13fc43b3e675d0a7a60f3) Importer(815301076,1909f56bfc062723c751e8b465ee728b)  -> (artifact id: 'e94b81b19920578380f990c64e7a8a8c') in 0.084971 seconds
  Import took 0.087743 seconds .

========================================================================
Received Import Request.
  Time since last request: 0.910736 seconds.
  path: Assets/Scenes/TestScenes/Test_Dallas.unity
  artifactKey: Guid(f7226c5f594f6eb478bf5a43c3f8582a) Importer(815301076,1909f56bfc062723c751e8b465ee728b)
Start importing Assets/Scenes/TestScenes/Test_Dallas.unity using Guid(f7226c5f594f6eb478bf5a43c3f8582a) Importer(815301076,1909f56bfc062723c751e8b465ee728b)  -> (artifact id: '722fcce12936ec93c311cd6a15c8e5d9') in 0.005511 seconds
  Import took 0.007524 seconds .

========================================================================
Received Prepare
Registering precompiled user dll's ...
Registered in 0.000833 seconds.
Begin MonoManager ReloadAssembly
Native extension for WindowsStandalone target not found
Native extension for OSXStandalone target not found
Refreshing native plugins compatible for Editor in 0.27 ms, found 0 plugins.
Preloading 0 native plugins for Editor in 0.00 ms.
Invoked RoslynAnalysisRunner static constructor.
RoslynAnalysisRunner will not be running.
RoslynAnalysisRunner has terminated.
Mono: successfully reloaded assembly
- Completed reload, in  0.784 seconds
Platform modules already initialized, skipping
Refreshing native plugins compatible for Editor in 0.21 ms, found 0 plugins.
Preloading 0 native plugins for Editor in 0.00 ms.
Unloading 1112 Unused Serialized files (Serialized files now loaded: 0)
System memory in use before: 72.3 MB.
System memory in use after: 72.4 MB.

Unloading 5 unused Assets to reduce memory usage. Loaded Objects now: 1582.
Total: 1.878400 ms (FindLiveObjects: 0.194200 ms CreateObjectMapping: 0.077300 ms MarkObjects: 1.572700 ms  DeleteObjects: 0.032700 ms)

AssetImportWorkerClient::OnTransportError - code=2 error=End of file
